ELBREAD: Elaboration process.
ELBREAD: Warning: Module 'intf_cmd' does not have a `timescale directive, but previous modules do.
ELBREAD: Warning: Module 'graviton_ti_cfg' does not have a `timescale directive, but previous modules do.
ELBREAD: Warning: Module '\intf_cmd \\intf_cmd.master \\ \' does not have a `timescale directive, but previous modules do.
ELBREAD: Warning: Module '\intf_cmd \\intf_cmd.slave \\ \' does not have a `timescale directive, but previous modules do.
ELBREAD: Warning: Module 'ti_sif' does not have a `timescale directive, but previous modules do.
ELBREAD: Elaboration time 0.0 [s].
KERNEL: Main thread initiated.
KERNEL: Kernel process initialization phase.
KERNEL: Time resolution set to 1ns.
ELAB2: Elaboration final pass...
KERNEL: PLI/VHPI kernel's engine initialization done.
PLI: Loading library 'C:\lscc\diamond\3.8_x64\active-hdl\bin\systf.dll'
ELAB2: Create instances ...
ELAB2: Create instances complete.
SLP: Started
SLP: Elaboration phase ...
SLP: Elaboration phase ... done : 0.0 [s]
SLP: Generation phase ...
SLP: Generation phase ... done : 0.3 [s]
SLP: Finished : 0.4 [s]
SLP: 0 primitives and 20 (100.00%) other processes in SLP
SLP: 63 (98.44%) signals in SLP and 1 (1.56%) interface signals
ELAB2: Elaboration final pass complete - time: 0.4 [s].
KERNEL: SLP loading done - time: 0.0 [s].
KERNEL: Warning: You are using the Active-HDL Lattice Edition. The performance of simulation is running at a reduced rate.
KERNEL: Warning: Contact Aldec for available upgrade options - sales@aldec.com.
KERNEL: SLP simulation initialization done - time: 0.0 [s].
KERNEL: Kernel process initialization done.
Allocation: Simulator allocated 6098 kB (elbread=1280 elab2=4671 kernel=146 sdf=0)
KERNEL: ASDB file was created in location C:\FPGA\ip-library\graviton_ti_cfg\sim\wave.asdb
# LOG ALL SIGNALS IN DESIGN
trace -decl *
VSIMSA: 10 signal(s) traced.
trace -decl -signals DUT/*
VSIMSA: 10 signal(s) traced.
# RUN UNTIL NO MORE EVENTS TO SIMULATE
run -all
KERNEL: SIF WRITE: ADDR = 0x06, DATA = 0x80
KERNEL: SIF WRITE: ADDR = 0x15, DATA = 0x01
KERNEL: SIF WRITE: ADDR = 0x20, DATA = 0x01
KERNEL: SIF WRITE: ADDR = 0x1f, DATA = 0x12
RUNTIME: RUNTIME_0068 tb_graviton_ti_cfg.sv (75): $finish called.
KERNEL: Time: 2002150 ns,  Iteration: 0,  Instance: /tb_graviton_ti_cfg,  Process: @INITIAL#67_2@.
KERNEL: stopped at time: 2002150 ns
VSIM: Simulation has finished. There are no more test vectors to simulate.
# LAUNCH ACTIVE-HDL AND VIEW WAVEFORM
#
# Use -do "open -asdb wave.asdb" if you don't have a wave.do file you'd like to use.
#
# Use -do "view wave; waveconnect wave.asdb; do wave.do; wavezoom -fit" if you do.
runexe $$ACTIVEHDLBIN\avhdl.exe -nosplash -do "open -asdb wave.asdb" "view wave; waveconnect wave.asdb" 
#runexe $$ACTIVEHDLBIN\avhdl.exe -nosplash -do "view wave; waveconnect wave.asdb; do wave.do; wavezoom -fit" 
# PEACE OUT
bye
VSIM: Simulation has finished.
