ELBREAD: Elaboration process.
ELBREAD: Warning: Module 'ecp5_slave_serial_programmer' does not have a `timescale directive, but previous modules do.
ELBREAD: Elaboration time 0.0 [s].
KERNEL: Main thread initiated.
KERNEL: Kernel process initialization phase.
KERNEL: Time resolution set to 1ns.
ELAB2: Elaboration final pass...
ELAB2: Create instances ...
ELAB2: Create instances complete.
SLP: Started
SLP: Elaboration phase ...
SLP: Elaboration phase ... done : 0.0 [s]
SLP: Generation phase ...
SLP: Generation phase ... done : 0.3 [s]
SLP: Finished : 0.3 [s]
SLP: 0 primitives and 10 (100.00%) other processes in SLP
SLP: 52 (100.00%) signals in SLP and 0 interface signals
ELAB2: Elaboration final pass complete - time: 0.3 [s].
KERNEL: SLP loading done - time: 0.0 [s].
KERNEL: Warning: You are using the Active-HDL Lattice Edition. The performance of simulation is running at a reduced rate.
KERNEL: Warning: Contact Aldec for available upgrade options - sales@aldec.com.
KERNEL: SLP simulation initialization done - time: 0.0 [s].
KERNEL: Kernel process initialization done.
Allocation: Simulator allocated 5542 kB (elbread=1280 elab2=4117 kernel=144 sdf=0)
KERNEL: ASDB file was created in location C:\FPGA\ip-library\ecp5_slave_serial_programmer\sim\wave.asdb
# LOG ALL SIGNALS IN DESIGN
trace -rec *
VSIMSA: 52 signal(s) traced.
# RUN UNTIL NO MORE EVENTS TO SIMULATE
run -all
KERNEL: Time scale of (tb_ecp5_slave_serial_programmer) is 1s / 1ns
RUNTIME: RUNTIME_0068 tb_ecp5_slave_serial_programmer.sv (104): $finish called.
KERNEL: Time: 34155 ns,  Iteration: 0,  Instance: /tb_ecp5_slave_serial_programmer,  Process: @INITIAL#TB_STIMULUS@.
KERNEL: stopped at time: 34155 ns
VSIM: Simulation has finished. There are no more test vectors to simulate.
# LAUNCH ACTIVE-HDL AND VIEW WAVEFORM
#
# Use -do "open -asdb wave.asdb" if you don't have a wave.do file you'd like to use.
#
# Use -do "view wave; waveconnect wave.asdb; do wave.do; wavezoom -fit" if you do.
#runexe $$ACTIVEHDLBIN\avhdl.exe -nosplash -do "open -asdb wave.asdb" "view wave; waveconnect wave.asdb" 
runexe $$ACTIVEHDLBIN\avhdl.exe -nosplash -do "view wave; waveconnect wave.asdb; do wave.do; wavezoom -fit" 
# PEACE OUT
bye
VSIM: Simulation has finished.
